<?xml version="1.0" encoding="UTF-8"?>
<!-- Generated by org.testng.reporters.JUnitReportReporter -->
<testsuite hostname="GowriSanjay" failures="0" tests="1" name="properties.Properties1" time="0.015" errors="0" timestamp="2024-07-05T14:14:03 IST" skipped="0">
  <testcase classname="properties.Properties1" name="readconfig" time="0.015"/>
</testsuite> <!-- properties.Properties1 -->
