<?xml version="1.0" encoding="UTF-8"?>
<!-- Generated by org.testng.reporters.JUnitReportReporter -->
<testsuite hostname="GowriSanjay" failures="0" tests="1" name="demo.screen" time="8.879" errors="0" timestamp="2024-07-25T10:22:57 IST" skipped="0">
  <testcase classname="demo.screen" name="m1" time="8.879"/>
</testsuite> <!-- demo.screen -->
